<?xml version="1.0" encoding="UTF-8"?>
<!-- Generated by org.testng.reporters.JUnitXMLReporter -->
<testsuite ignored="18" hostname="DESKTOP-FD4QRKI" failures="0" tests="10" name="Test" time="195.808" errors="0" timestamp="2022-08-21T11:30:46 IST">
  <testcase classname="com.deleteAccount.DeleteDepositAccountsTest" name="deleteDepositAccounts" time="4.845"/>
  <testcase classname="com.createAccount.CreateNewDepositAccountTest" name="createNewDepositAccount" time="3.643"/>
  <testcase classname="com.createAccount.ImportDepositAccountsTest" name="importDepositAccounts" time="4.628"/>
  <testcase classname="com.depositToAccount.MakeADepositAllAccountsTest" name="makeADepositIntoAllAccount" time="2.63"/>
  <testcase classname="com.depositToAccount.MakeADepositTest" name="makeADepsoitToSpecificAccount" time="1.831"/>
  <testcase classname="com.withdrawFromAccount.MakeAWithdrawFromAllAccountsTest" name="makeAWithdrawFromAllAccounts" time="2.648"/>
  <testcase classname="com.withdrawFromAccount.MakeAWithdrawTest" name="makeAWithdraw" time="1.803"/>
  <testcase classname="com.automaticTransactions.SetAutomaticInterestRateTest" name="setAutomaticInterestRate" time="2.903"/>
  <testcase classname="com.automaticTransactions.SetAutomaticDepositToAllAccountsTest" name="setAutomaticDepositToAllAccounts" time="3.009"/>
  <testcase classname="com.automaticTransactions.SetAutomationWithdrawalToAllAccountsTest" name="setAutomationWithdrawal" time="2.746"/>
  <testcase classname="com.mykidsbank.genericUtlity.BaseClass" name="@BeforeSuite beforeSuite" time="0.0">
    <ignored/>
  </testcase> <!-- @BeforeSuite beforeSuite -->
  <testcase classname="com.mykidsbank.genericUtlity.BaseClass" name="@BeforeSuite beforeSuite" time="0.0">
    <ignored/>
  </testcase> <!-- @BeforeSuite beforeSuite -->
  <testcase classname="com.mykidsbank.genericUtlity.BaseClass" name="@BeforeSuite beforeSuite" time="0.0">
    <ignored/>
  </testcase> <!-- @BeforeSuite beforeSuite -->
  <testcase classname="com.mykidsbank.genericUtlity.BaseClass" name="@BeforeSuite beforeSuite" time="0.0">
    <ignored/>
  </testcase> <!-- @BeforeSuite beforeSuite -->
  <testcase classname="com.mykidsbank.genericUtlity.BaseClass" name="@BeforeSuite beforeSuite" time="0.0">
    <ignored/>
  </testcase> <!-- @BeforeSuite beforeSuite -->
  <testcase classname="com.mykidsbank.genericUtlity.BaseClass" name="@BeforeSuite beforeSuite" time="0.0">
    <ignored/>
  </testcase> <!-- @BeforeSuite beforeSuite -->
  <testcase classname="com.mykidsbank.genericUtlity.BaseClass" name="@BeforeSuite beforeSuite" time="0.0">
    <ignored/>
  </testcase> <!-- @BeforeSuite beforeSuite -->
  <testcase classname="com.mykidsbank.genericUtlity.BaseClass" name="@BeforeSuite beforeSuite" time="0.0">
    <ignored/>
  </testcase> <!-- @BeforeSuite beforeSuite -->
  <testcase classname="com.mykidsbank.genericUtlity.BaseClass" name="@BeforeSuite beforeSuite" time="0.0">
    <ignored/>
  </testcase> <!-- @BeforeSuite beforeSuite -->
  <testcase classname="com.mykidsbank.genericUtlity.BaseClass" name="@AfterSuite afterSuiteTest" time="0.0">
    <ignored/>
  </testcase> <!-- @AfterSuite afterSuiteTest -->
  <testcase classname="com.mykidsbank.genericUtlity.BaseClass" name="@AfterSuite afterSuiteTest" time="0.0">
    <ignored/>
  </testcase> <!-- @AfterSuite afterSuiteTest -->
  <testcase classname="com.mykidsbank.genericUtlity.BaseClass" name="@AfterSuite afterSuiteTest" time="0.0">
    <ignored/>
  </testcase> <!-- @AfterSuite afterSuiteTest -->
  <testcase classname="com.mykidsbank.genericUtlity.BaseClass" name="@AfterSuite afterSuiteTest" time="0.0">
    <ignored/>
  </testcase> <!-- @AfterSuite afterSuiteTest -->
  <testcase classname="com.mykidsbank.genericUtlity.BaseClass" name="@AfterSuite afterSuiteTest" time="0.0">
    <ignored/>
  </testcase> <!-- @AfterSuite afterSuiteTest -->
  <testcase classname="com.mykidsbank.genericUtlity.BaseClass" name="@AfterSuite afterSuiteTest" time="0.0">
    <ignored/>
  </testcase> <!-- @AfterSuite afterSuiteTest -->
  <testcase classname="com.mykidsbank.genericUtlity.BaseClass" name="@AfterSuite afterSuiteTest" time="0.0">
    <ignored/>
  </testcase> <!-- @AfterSuite afterSuiteTest -->
  <testcase classname="com.mykidsbank.genericUtlity.BaseClass" name="@AfterSuite afterSuiteTest" time="0.0">
    <ignored/>
  </testcase> <!-- @AfterSuite afterSuiteTest -->
  <testcase classname="com.mykidsbank.genericUtlity.BaseClass" name="@AfterSuite afterSuiteTest" time="0.0">
    <ignored/>
  </testcase> <!-- @AfterSuite afterSuiteTest -->
</testsuite> <!-- Test -->
