<?xml version="1.0" encoding="UTF-8"?>
<!-- Generated by org.testng.reporters.JUnitXMLReporter -->
<testsuite ignored="18" hostname="DESKTOP-FD4QRKI" failures="0" tests="10" name="Test" time="184.641" errors="0" timestamp="2022-08-12T15:35:06 IST">
  <testcase classname="com.deleteAccount.DeleteDepositAccountsTest" name="deleteDepositAccounts" time="3.555"/>
  <testcase classname="com.createAccount.CreateNewDepositAccountTest" name="createNewDepositAccount" time="3.467"/>
  <testcase classname="com.createAccount.ImportDepositAccountsTest" name="importDepositAccounts" time="3.456"/>
  <testcase classname="com.depositToAccount.MakeADepositAllAccountsTest" name="makeADepositIntoAllAccount" time="3.131"/>
  <testcase classname="com.depositToAccount.MakeADepositTest" name="makeADepsoitToSpecificAccount" time="2.02"/>
  <testcase classname="com.withdrawFromAccount.MakeAWithdrawFromAllAccountsTest" name="makeAWithdrawFromAllAccounts" time="2.913"/>
  <testcase classname="com.withdrawFromAccount.MakeAWithdrawTest" name="makeAWithdraw" time="1.822"/>
  <testcase classname="com.automaticTransactions.SetAutomaticInterestRateTest" name="setAutomaticInterestRate" time="3.487"/>
  <testcase classname="com.automaticTransactions.SetAutomaticDepositToAllAccountsTest" name="setAutomaticDepositToAllAccounts" time="2.697"/>
  <testcase classname="com.automaticTransactions.SetAutomationWithdrawalToAllAccountsTest" name="setAutomationWithdrawal" time="2.963"/>
  <testcase classname="com.mykidsbank.genericUtlity.BaseClass" name="@BeforeSuite beforeSuite" time="0.0">
    <ignored/>
  </testcase> <!-- @BeforeSuite beforeSuite -->
  <testcase classname="com.mykidsbank.genericUtlity.BaseClass" name="@BeforeSuite beforeSuite" time="0.0">
    <ignored/>
  </testcase> <!-- @BeforeSuite beforeSuite -->
  <testcase classname="com.mykidsbank.genericUtlity.BaseClass" name="@BeforeSuite beforeSuite" time="0.0">
    <ignored/>
  </testcase> <!-- @BeforeSuite beforeSuite -->
  <testcase classname="com.mykidsbank.genericUtlity.BaseClass" name="@BeforeSuite beforeSuite" time="0.0">
    <ignored/>
  </testcase> <!-- @BeforeSuite beforeSuite -->
  <testcase classname="com.mykidsbank.genericUtlity.BaseClass" name="@BeforeSuite beforeSuite" time="0.0">
    <ignored/>
  </testcase> <!-- @BeforeSuite beforeSuite -->
  <testcase classname="com.mykidsbank.genericUtlity.BaseClass" name="@BeforeSuite beforeSuite" time="0.0">
    <ignored/>
  </testcase> <!-- @BeforeSuite beforeSuite -->
  <testcase classname="com.mykidsbank.genericUtlity.BaseClass" name="@BeforeSuite beforeSuite" time="0.0">
    <ignored/>
  </testcase> <!-- @BeforeSuite beforeSuite -->
  <testcase classname="com.mykidsbank.genericUtlity.BaseClass" name="@BeforeSuite beforeSuite" time="0.0">
    <ignored/>
  </testcase> <!-- @BeforeSuite beforeSuite -->
  <testcase classname="com.mykidsbank.genericUtlity.BaseClass" name="@BeforeSuite beforeSuite" time="0.0">
    <ignored/>
  </testcase> <!-- @BeforeSuite beforeSuite -->
  <testcase classname="com.mykidsbank.genericUtlity.BaseClass" name="@AfterSuite afterSuiteTest" time="0.0">
    <ignored/>
  </testcase> <!-- @AfterSuite afterSuiteTest -->
  <testcase classname="com.mykidsbank.genericUtlity.BaseClass" name="@AfterSuite afterSuiteTest" time="0.0">
    <ignored/>
  </testcase> <!-- @AfterSuite afterSuiteTest -->
  <testcase classname="com.mykidsbank.genericUtlity.BaseClass" name="@AfterSuite afterSuiteTest" time="0.0">
    <ignored/>
  </testcase> <!-- @AfterSuite afterSuiteTest -->
  <testcase classname="com.mykidsbank.genericUtlity.BaseClass" name="@AfterSuite afterSuiteTest" time="0.0">
    <ignored/>
  </testcase> <!-- @AfterSuite afterSuiteTest -->
  <testcase classname="com.mykidsbank.genericUtlity.BaseClass" name="@AfterSuite afterSuiteTest" time="0.0">
    <ignored/>
  </testcase> <!-- @AfterSuite afterSuiteTest -->
  <testcase classname="com.mykidsbank.genericUtlity.BaseClass" name="@AfterSuite afterSuiteTest" time="0.0">
    <ignored/>
  </testcase> <!-- @AfterSuite afterSuiteTest -->
  <testcase classname="com.mykidsbank.genericUtlity.BaseClass" name="@AfterSuite afterSuiteTest" time="0.0">
    <ignored/>
  </testcase> <!-- @AfterSuite afterSuiteTest -->
  <testcase classname="com.mykidsbank.genericUtlity.BaseClass" name="@AfterSuite afterSuiteTest" time="0.0">
    <ignored/>
  </testcase> <!-- @AfterSuite afterSuiteTest -->
  <testcase classname="com.mykidsbank.genericUtlity.BaseClass" name="@AfterSuite afterSuiteTest" time="0.0">
    <ignored/>
  </testcase> <!-- @AfterSuite afterSuiteTest -->
</testsuite> <!-- Test -->
