<?xml version="1.0" encoding="UTF-8"?>
<testng-results ignored="18" total="28" passed="10" failed="0" skipped="0">
  <reporter-output>
  </reporter-output>
  <suite started-at="2022-08-12T15:32:01 IST" name="Suite" finished-at="2022-08-12T15:35:06 IST" duration-ms="184641">
    <groups>
    </groups>
    <test started-at="2022-08-12T15:32:01 IST" name="Test" finished-at="2022-08-12T15:35:06 IST" duration-ms="184641">
      <class name="com.automaticTransactions.SetAutomationWithdrawalToAllAccountsTest">
        <test-method is-config="true" signature="beforeClassTest()[pri:0, instance:com.automaticTransactions.SetAutomationWithdrawalToAllAccountsTest@546621c4]" started-at="2022-08-12T15:34:47 IST" name="beforeClassTest" finished-at="2022-08-12T15:34:54 IST" duration-ms="6680" status="PASS">
          <reporter-output>
          </reporter-output>
        </test-method> <!-- beforeClassTest -->
        <test-method is-config="true" signature="beforeMethodTest()[pri:0, instance:com.automaticTransactions.SetAutomationWithdrawalToAllAccountsTest@546621c4]" started-at="2022-08-12T15:34:54 IST" name="beforeMethodTest" finished-at="2022-08-12T15:35:01 IST" duration-ms="7153" status="PASS">
          <reporter-output>
          </reporter-output>
        </test-method> <!-- beforeMethodTest -->
        <test-method signature="setAutomationWithdrawal()[pri:10, instance:com.automaticTransactions.SetAutomationWithdrawalToAllAccountsTest@546621c4]" started-at="2022-08-12T15:35:01 IST" name="setAutomationWithdrawal" finished-at="2022-08-12T15:35:04 IST" duration-ms="2963" status="PASS">
          <reporter-output>
          </reporter-output>
        </test-method> <!-- setAutomationWithdrawal -->
        <test-method is-config="true" signature="afterMethodTest()[pri:0, instance:com.automaticTransactions.SetAutomationWithdrawalToAllAccountsTest@546621c4]" started-at="2022-08-12T15:35:04 IST" name="afterMethodTest" finished-at="2022-08-12T15:35:06 IST" duration-ms="1403" status="PASS">
          <reporter-output>
          </reporter-output>
        </test-method> <!-- afterMethodTest -->
        <test-method is-config="true" signature="afterClassTest()[pri:0, instance:com.automaticTransactions.SetAutomationWithdrawalToAllAccountsTest@546621c4]" started-at="2022-08-12T15:35:06 IST" name="afterClassTest" finished-at="2022-08-12T15:35:06 IST" duration-ms="382" status="PASS">
          <reporter-output>
          </reporter-output>
        </test-method> <!-- afterClassTest -->
      </class> <!-- com.automaticTransactions.SetAutomationWithdrawalToAllAccountsTest -->
      <class name="com.deleteAccount.DeleteDepositAccountsTest">
        <test-method is-config="true" signature="beforeSuite()[pri:0, instance:com.deleteAccount.DeleteDepositAccountsTest@2df3c564]" started-at="2022-08-12T15:31:59 IST" name="beforeSuite" finished-at="2022-08-12T15:32:01 IST" duration-ms="2003" status="PASS">
          <reporter-output>
          </reporter-output>
        </test-method> <!-- beforeSuite -->
        <test-method is-config="true" signature="beforeClassTest()[pri:0, instance:com.deleteAccount.DeleteDepositAccountsTest@2df3c564]" started-at="2022-08-12T15:32:03 IST" name="beforeClassTest" finished-at="2022-08-12T15:32:12 IST" duration-ms="9570" status="PASS">
          <reporter-output>
          </reporter-output>
        </test-method> <!-- beforeClassTest -->
        <test-method is-config="true" signature="beforeMethodTest()[pri:0, instance:com.deleteAccount.DeleteDepositAccountsTest@2df3c564]" started-at="2022-08-12T15:32:12 IST" name="beforeMethodTest" finished-at="2022-08-12T15:32:19 IST" duration-ms="6887" status="PASS">
          <reporter-output>
          </reporter-output>
        </test-method> <!-- beforeMethodTest -->
        <test-method signature="deleteDepositAccounts()[pri:1, instance:com.deleteAccount.DeleteDepositAccountsTest@2df3c564]" started-at="2022-08-12T15:32:20 IST" name="deleteDepositAccounts" finished-at="2022-08-12T15:32:23 IST" duration-ms="3555" status="PASS">
          <reporter-output>
          </reporter-output>
        </test-method> <!-- deleteDepositAccounts -->
        <test-method is-config="true" signature="afterMethodTest()[pri:0, instance:com.deleteAccount.DeleteDepositAccountsTest@2df3c564]" started-at="2022-08-12T15:32:23 IST" name="afterMethodTest" finished-at="2022-08-12T15:32:24 IST" duration-ms="765" status="PASS">
          <reporter-output>
          </reporter-output>
        </test-method> <!-- afterMethodTest -->
        <test-method is-config="true" signature="afterClassTest()[pri:0, instance:com.deleteAccount.DeleteDepositAccountsTest@2df3c564]" started-at="2022-08-12T15:32:24 IST" name="afterClassTest" finished-at="2022-08-12T15:32:24 IST" duration-ms="428" status="PASS">
          <reporter-output>
          </reporter-output>
        </test-method> <!-- afterClassTest -->
        <test-method is-config="true" signature="afterSuiteTest()[pri:0, instance:com.deleteAccount.DeleteDepositAccountsTest@2df3c564]" started-at="2022-08-12T15:35:07 IST" name="afterSuiteTest" finished-at="2022-08-12T15:35:08 IST" duration-ms="503" status="PASS">
          <reporter-output>
          </reporter-output>
        </test-method> <!-- afterSuiteTest -->
      </class> <!-- com.deleteAccount.DeleteDepositAccountsTest -->
      <class name="com.depositToAccount.MakeADepositAllAccountsTest">
        <test-method is-config="true" signature="beforeClassTest()[pri:0, instance:com.depositToAccount.MakeADepositAllAccountsTest@7207cb51]" started-at="2022-08-12T15:33:05 IST" name="beforeClassTest" finished-at="2022-08-12T15:33:10 IST" duration-ms="4965" status="PASS">
          <reporter-output>
          </reporter-output>
        </test-method> <!-- beforeClassTest -->
        <test-method is-config="true" signature="beforeMethodTest()[pri:0, instance:com.depositToAccount.MakeADepositAllAccountsTest@7207cb51]" started-at="2022-08-12T15:33:10 IST" name="beforeMethodTest" finished-at="2022-08-12T15:33:17 IST" duration-ms="6965" status="PASS">
          <reporter-output>
          </reporter-output>
        </test-method> <!-- beforeMethodTest -->
        <test-method signature="makeADepositIntoAllAccount()[pri:4, instance:com.depositToAccount.MakeADepositAllAccountsTest@7207cb51]" started-at="2022-08-12T15:33:17 IST" name="makeADepositIntoAllAccount" finished-at="2022-08-12T15:33:20 IST" duration-ms="3131" status="PASS">
          <reporter-output>
          </reporter-output>
        </test-method> <!-- makeADepositIntoAllAccount -->
        <test-method is-config="true" signature="afterMethodTest()[pri:0, instance:com.depositToAccount.MakeADepositAllAccountsTest@7207cb51]" started-at="2022-08-12T15:33:20 IST" name="afterMethodTest" finished-at="2022-08-12T15:33:21 IST" duration-ms="778" status="PASS">
          <reporter-output>
          </reporter-output>
        </test-method> <!-- afterMethodTest -->
        <test-method is-config="true" signature="afterClassTest()[pri:0, instance:com.depositToAccount.MakeADepositAllAccountsTest@7207cb51]" started-at="2022-08-12T15:33:21 IST" name="afterClassTest" finished-at="2022-08-12T15:33:21 IST" duration-ms="354" status="PASS">
          <reporter-output>
          </reporter-output>
        </test-method> <!-- afterClassTest -->
      </class> <!-- com.depositToAccount.MakeADepositAllAccountsTest -->
      <class name="com.withdrawFromAccount.MakeAWithdrawFromAllAccountsTest">
        <test-method is-config="true" signature="beforeClassTest()[pri:0, instance:com.withdrawFromAccount.MakeAWithdrawFromAllAccountsTest@6892cc6f]" started-at="2022-08-12T15:33:38 IST" name="beforeClassTest" finished-at="2022-08-12T15:33:45 IST" duration-ms="6332" status="PASS">
          <reporter-output>
          </reporter-output>
        </test-method> <!-- beforeClassTest -->
        <test-method is-config="true" signature="beforeMethodTest()[pri:0, instance:com.withdrawFromAccount.MakeAWithdrawFromAllAccountsTest@6892cc6f]" started-at="2022-08-12T15:33:45 IST" name="beforeMethodTest" finished-at="2022-08-12T15:33:52 IST" duration-ms="6993" status="PASS">
          <reporter-output>
          </reporter-output>
        </test-method> <!-- beforeMethodTest -->
        <test-method signature="makeAWithdrawFromAllAccounts()[pri:6, instance:com.withdrawFromAccount.MakeAWithdrawFromAllAccountsTest@6892cc6f]" started-at="2022-08-12T15:33:52 IST" name="makeAWithdrawFromAllAccounts" finished-at="2022-08-12T15:33:55 IST" duration-ms="2913" status="PASS">
          <reporter-output>
          </reporter-output>
        </test-method> <!-- makeAWithdrawFromAllAccounts -->
        <test-method is-config="true" signature="afterMethodTest()[pri:0, instance:com.withdrawFromAccount.MakeAWithdrawFromAllAccountsTest@6892cc6f]" started-at="2022-08-12T15:33:55 IST" name="afterMethodTest" finished-at="2022-08-12T15:33:56 IST" duration-ms="811" status="PASS">
          <reporter-output>
          </reporter-output>
        </test-method> <!-- afterMethodTest -->
        <test-method is-config="true" signature="afterClassTest()[pri:0, instance:com.withdrawFromAccount.MakeAWithdrawFromAllAccountsTest@6892cc6f]" started-at="2022-08-12T15:33:56 IST" name="afterClassTest" finished-at="2022-08-12T15:33:56 IST" duration-ms="407" status="PASS">
          <reporter-output>
          </reporter-output>
        </test-method> <!-- afterClassTest -->
      </class> <!-- com.withdrawFromAccount.MakeAWithdrawFromAllAccountsTest -->
      <class name="com.createAccount.ImportDepositAccountsTest">
        <test-method is-config="true" signature="beforeClassTest()[pri:0, instance:com.createAccount.ImportDepositAccountsTest@56f71edb]" started-at="2022-08-12T15:32:46 IST" name="beforeClassTest" finished-at="2022-08-12T15:32:54 IST" duration-ms="7150" status="PASS">
          <reporter-output>
          </reporter-output>
        </test-method> <!-- beforeClassTest -->
        <test-method is-config="true" signature="beforeMethodTest()[pri:0, instance:com.createAccount.ImportDepositAccountsTest@56f71edb]" started-at="2022-08-12T15:32:54 IST" name="beforeMethodTest" finished-at="2022-08-12T15:33:00 IST" duration-ms="6760" status="PASS">
          <reporter-output>
          </reporter-output>
        </test-method> <!-- beforeMethodTest -->
        <test-method signature="importDepositAccounts()[pri:3, instance:com.createAccount.ImportDepositAccountsTest@56f71edb]" started-at="2022-08-12T15:33:00 IST" name="importDepositAccounts" finished-at="2022-08-12T15:33:04 IST" duration-ms="3456" status="PASS">
          <reporter-output>
          </reporter-output>
        </test-method> <!-- importDepositAccounts -->
        <test-method is-config="true" signature="afterMethodTest()[pri:0, instance:com.createAccount.ImportDepositAccountsTest@56f71edb]" started-at="2022-08-12T15:33:04 IST" name="afterMethodTest" finished-at="2022-08-12T15:33:05 IST" duration-ms="809" status="PASS">
          <reporter-output>
          </reporter-output>
        </test-method> <!-- afterMethodTest -->
        <test-method is-config="true" signature="afterClassTest()[pri:0, instance:com.createAccount.ImportDepositAccountsTest@56f71edb]" started-at="2022-08-12T15:33:05 IST" name="afterClassTest" finished-at="2022-08-12T15:33:05 IST" duration-ms="362" status="PASS">
          <reporter-output>
          </reporter-output>
        </test-method> <!-- afterClassTest -->
      </class> <!-- com.createAccount.ImportDepositAccountsTest -->
      <class name="com.depositToAccount.MakeADepositTest">
        <test-method is-config="true" signature="beforeClassTest()[pri:0, instance:com.depositToAccount.MakeADepositTest@2a27cb34]" started-at="2022-08-12T15:33:21 IST" name="beforeClassTest" finished-at="2022-08-12T15:33:28 IST" duration-ms="6660" status="PASS">
          <reporter-output>
          </reporter-output>
        </test-method> <!-- beforeClassTest -->
        <test-method is-config="true" signature="beforeMethodTest()[pri:0, instance:com.depositToAccount.MakeADepositTest@2a27cb34]" started-at="2022-08-12T15:33:28 IST" name="beforeMethodTest" finished-at="2022-08-12T15:33:35 IST" duration-ms="6934" status="PASS">
          <reporter-output>
          </reporter-output>
        </test-method> <!-- beforeMethodTest -->
        <test-method signature="makeADepsoitToSpecificAccount()[pri:5, instance:com.depositToAccount.MakeADepositTest@2a27cb34]" started-at="2022-08-12T15:33:35 IST" name="makeADepsoitToSpecificAccount" finished-at="2022-08-12T15:33:37 IST" duration-ms="2020" status="PASS">
          <reporter-output>
          </reporter-output>
        </test-method> <!-- makeADepsoitToSpecificAccount -->
        <test-method is-config="true" signature="afterMethodTest()[pri:0, instance:com.depositToAccount.MakeADepositTest@2a27cb34]" started-at="2022-08-12T15:33:37 IST" name="afterMethodTest" finished-at="2022-08-12T15:33:38 IST" duration-ms="796" status="PASS">
          <reporter-output>
          </reporter-output>
        </test-method> <!-- afterMethodTest -->
        <test-method is-config="true" signature="afterClassTest()[pri:0, instance:com.depositToAccount.MakeADepositTest@2a27cb34]" started-at="2022-08-12T15:33:38 IST" name="afterClassTest" finished-at="2022-08-12T15:33:38 IST" duration-ms="367" status="PASS">
          <reporter-output>
          </reporter-output>
        </test-method> <!-- afterClassTest -->
      </class> <!-- com.depositToAccount.MakeADepositTest -->
      <class name="com.withdrawFromAccount.MakeAWithdrawTest">
        <test-method is-config="true" signature="beforeClassTest()[pri:0, instance:com.withdrawFromAccount.MakeAWithdrawTest@6fd1660]" started-at="2022-08-12T15:33:56 IST" name="beforeClassTest" finished-at="2022-08-12T15:34:02 IST" duration-ms="5871" status="PASS">
          <reporter-output>
          </reporter-output>
        </test-method> <!-- beforeClassTest -->
        <test-method is-config="true" signature="beforeMethodTest()[pri:0, instance:com.withdrawFromAccount.MakeAWithdrawTest@6fd1660]" started-at="2022-08-12T15:34:02 IST" name="beforeMethodTest" finished-at="2022-08-12T15:34:09 IST" duration-ms="6752" status="PASS">
          <reporter-output>
          </reporter-output>
        </test-method> <!-- beforeMethodTest -->
        <test-method signature="makeAWithdraw()[pri:7, instance:com.withdrawFromAccount.MakeAWithdrawTest@6fd1660]" started-at="2022-08-12T15:34:09 IST" name="makeAWithdraw" finished-at="2022-08-12T15:34:10 IST" duration-ms="1822" status="PASS">
          <reporter-output>
          </reporter-output>
        </test-method> <!-- makeAWithdraw -->
        <test-method is-config="true" signature="afterMethodTest()[pri:0, instance:com.withdrawFromAccount.MakeAWithdrawTest@6fd1660]" started-at="2022-08-12T15:34:10 IST" name="afterMethodTest" finished-at="2022-08-12T15:34:11 IST" duration-ms="842" status="PASS">
          <reporter-output>
          </reporter-output>
        </test-method> <!-- afterMethodTest -->
        <test-method is-config="true" signature="afterClassTest()[pri:0, instance:com.withdrawFromAccount.MakeAWithdrawTest@6fd1660]" started-at="2022-08-12T15:34:11 IST" name="afterClassTest" finished-at="2022-08-12T15:34:12 IST" duration-ms="344" status="PASS">
          <reporter-output>
          </reporter-output>
        </test-method> <!-- afterClassTest -->
      </class> <!-- com.withdrawFromAccount.MakeAWithdrawTest -->
      <class name="com.automaticTransactions.SetAutomaticInterestRateTest">
        <test-method is-config="true" signature="beforeClassTest()[pri:0, instance:com.automaticTransactions.SetAutomaticInterestRateTest@60d1b21f]" started-at="2022-08-12T15:34:12 IST" name="beforeClassTest" finished-at="2022-08-12T15:34:18 IST" duration-ms="6722" status="PASS">
          <reporter-output>
          </reporter-output>
        </test-method> <!-- beforeClassTest -->
        <test-method is-config="true" signature="beforeMethodTest()[pri:0, instance:com.automaticTransactions.SetAutomaticInterestRateTest@60d1b21f]" started-at="2022-08-12T15:34:18 IST" name="beforeMethodTest" finished-at="2022-08-12T15:34:26 IST" duration-ms="7797" status="PASS">
          <reporter-output>
          </reporter-output>
        </test-method> <!-- beforeMethodTest -->
        <test-method signature="setAutomaticInterestRate()[pri:8, instance:com.automaticTransactions.SetAutomaticInterestRateTest@60d1b21f]" started-at="2022-08-12T15:34:26 IST" name="setAutomaticInterestRate" finished-at="2022-08-12T15:34:30 IST" duration-ms="3487" status="PASS">
          <reporter-output>
          </reporter-output>
        </test-method> <!-- setAutomaticInterestRate -->
        <test-method is-config="true" signature="afterMethodTest()[pri:0, instance:com.automaticTransactions.SetAutomaticInterestRateTest@60d1b21f]" started-at="2022-08-12T15:34:30 IST" name="afterMethodTest" finished-at="2022-08-12T15:34:31 IST" duration-ms="1392" status="PASS">
          <reporter-output>
          </reporter-output>
        </test-method> <!-- afterMethodTest -->
        <test-method is-config="true" signature="afterClassTest()[pri:0, instance:com.automaticTransactions.SetAutomaticInterestRateTest@60d1b21f]" started-at="2022-08-12T15:34:31 IST" name="afterClassTest" finished-at="2022-08-12T15:34:32 IST" duration-ms="364" status="PASS">
          <reporter-output>
          </reporter-output>
        </test-method> <!-- afterClassTest -->
      </class> <!-- com.automaticTransactions.SetAutomaticInterestRateTest -->
      <class name="com.automaticTransactions.SetAutomaticDepositToAllAccountsTest">
        <test-method is-config="true" signature="beforeClassTest()[pri:0, instance:com.automaticTransactions.SetAutomaticDepositToAllAccountsTest@66c83fc8]" started-at="2022-08-12T15:34:32 IST" name="beforeClassTest" finished-at="2022-08-12T15:34:36 IST" duration-ms="4623" status="PASS">
          <reporter-output>
          </reporter-output>
        </test-method> <!-- beforeClassTest -->
        <test-method is-config="true" signature="beforeMethodTest()[pri:0, instance:com.automaticTransactions.SetAutomaticDepositToAllAccountsTest@66c83fc8]" started-at="2022-08-12T15:34:36 IST" name="beforeMethodTest" finished-at="2022-08-12T15:34:43 IST" duration-ms="6985" status="PASS">
          <reporter-output>
          </reporter-output>
        </test-method> <!-- beforeMethodTest -->
        <test-method signature="setAutomaticDepositToAllAccounts()[pri:9, instance:com.automaticTransactions.SetAutomaticDepositToAllAccountsTest@66c83fc8]" started-at="2022-08-12T15:34:43 IST" name="setAutomaticDepositToAllAccounts" finished-at="2022-08-12T15:34:46 IST" duration-ms="2697" status="PASS">
          <reporter-output>
          </reporter-output>
        </test-method> <!-- setAutomaticDepositToAllAccounts -->
        <test-method is-config="true" signature="afterMethodTest()[pri:0, instance:com.automaticTransactions.SetAutomaticDepositToAllAccountsTest@66c83fc8]" started-at="2022-08-12T15:34:46 IST" name="afterMethodTest" finished-at="2022-08-12T15:34:47 IST" duration-ms="772" status="PASS">
          <reporter-output>
          </reporter-output>
        </test-method> <!-- afterMethodTest -->
        <test-method is-config="true" signature="afterClassTest()[pri:0, instance:com.automaticTransactions.SetAutomaticDepositToAllAccountsTest@66c83fc8]" started-at="2022-08-12T15:34:47 IST" name="afterClassTest" finished-at="2022-08-12T15:34:47 IST" duration-ms="392" status="PASS">
          <reporter-output>
          </reporter-output>
        </test-method> <!-- afterClassTest -->
      </class> <!-- com.automaticTransactions.SetAutomaticDepositToAllAccountsTest -->
      <class name="com.createAccount.CreateNewDepositAccountTest">
        <test-method is-config="true" signature="beforeClassTest()[pri:0, instance:com.createAccount.CreateNewDepositAccountTest@35835fa]" started-at="2022-08-12T15:32:24 IST" name="beforeClassTest" finished-at="2022-08-12T15:32:34 IST" duration-ms="9539" status="PASS">
          <reporter-output>
          </reporter-output>
        </test-method> <!-- beforeClassTest -->
        <test-method is-config="true" signature="beforeMethodTest()[pri:0, instance:com.createAccount.CreateNewDepositAccountTest@35835fa]" started-at="2022-08-12T15:32:34 IST" name="beforeMethodTest" finished-at="2022-08-12T15:32:41 IST" duration-ms="6769" status="PASS">
          <reporter-output>
          </reporter-output>
        </test-method> <!-- beforeMethodTest -->
        <test-method signature="createNewDepositAccount()[pri:2, instance:com.createAccount.CreateNewDepositAccountTest@35835fa]" started-at="2022-08-12T15:32:41 IST" name="createNewDepositAccount" finished-at="2022-08-12T15:32:44 IST" duration-ms="3467" status="PASS">
          <reporter-output>
          </reporter-output>
        </test-method> <!-- createNewDepositAccount -->
        <test-method is-config="true" signature="afterMethodTest()[pri:0, instance:com.createAccount.CreateNewDepositAccountTest@35835fa]" started-at="2022-08-12T15:32:44 IST" name="afterMethodTest" finished-at="2022-08-12T15:32:46 IST" duration-ms="1596" status="PASS">
          <reporter-output>
          </reporter-output>
        </test-method> <!-- afterMethodTest -->
        <test-method is-config="true" signature="afterClassTest()[pri:0, instance:com.createAccount.CreateNewDepositAccountTest@35835fa]" started-at="2022-08-12T15:32:46 IST" name="afterClassTest" finished-at="2022-08-12T15:32:46 IST" duration-ms="429" status="PASS">
          <reporter-output>
          </reporter-output>
        </test-method> <!-- afterClassTest -->
      </class> <!-- com.createAccount.CreateNewDepositAccountTest -->
    </test> <!-- Test -->
  </suite> <!-- Suite -->
</testng-results>
