<?xml version="1.0" encoding="UTF-8"?>
<testng-results ignored="18" total="28" passed="10" failed="0" skipped="0">
  <reporter-output>
  </reporter-output>
  <suite started-at="2022-08-18T17:39:37 IST" name="Suite" finished-at="2022-08-18T17:43:47 IST" duration-ms="249685">
    <groups>
    </groups>
    <test started-at="2022-08-18T17:39:37 IST" name="Test" finished-at="2022-08-18T17:43:47 IST" duration-ms="249685">
      <class name="com.automaticTransactions.SetAutomationWithdrawalToAllAccountsTest">
        <test-method is-config="true" signature="beforeClassTest()[pri:0, instance:com.automaticTransactions.SetAutomationWithdrawalToAllAccountsTest@40368a46]" started-at="2022-08-18T17:43:20 IST" name="beforeClassTest" finished-at="2022-08-18T17:43:24 IST" duration-ms="4176" status="PASS">
          <reporter-output>
          </reporter-output>
        </test-method> <!-- beforeClassTest -->
        <test-method is-config="true" signature="beforeMethodTest()[pri:0, instance:com.automaticTransactions.SetAutomationWithdrawalToAllAccountsTest@40368a46]" started-at="2022-08-18T17:43:24 IST" name="beforeMethodTest" finished-at="2022-08-18T17:43:36 IST" duration-ms="11958" status="PASS">
          <reporter-output>
          </reporter-output>
        </test-method> <!-- beforeMethodTest -->
        <test-method signature="setAutomationWithdrawal()[pri:10, instance:com.automaticTransactions.SetAutomationWithdrawalToAllAccountsTest@40368a46]" started-at="2022-08-18T17:43:36 IST" name="setAutomationWithdrawal" finished-at="2022-08-18T17:43:45 IST" duration-ms="8589" status="PASS">
          <reporter-output>
          </reporter-output>
        </test-method> <!-- setAutomationWithdrawal -->
        <test-method is-config="true" signature="afterMethodTest()[pri:0, instance:com.automaticTransactions.SetAutomationWithdrawalToAllAccountsTest@40368a46]" started-at="2022-08-18T17:43:45 IST" name="afterMethodTest" finished-at="2022-08-18T17:43:46 IST" duration-ms="1127" status="PASS">
          <reporter-output>
          </reporter-output>
        </test-method> <!-- afterMethodTest -->
        <test-method is-config="true" signature="afterClassTest()[pri:0, instance:com.automaticTransactions.SetAutomationWithdrawalToAllAccountsTest@40368a46]" started-at="2022-08-18T17:43:46 IST" name="afterClassTest" finished-at="2022-08-18T17:43:47 IST" duration-ms="454" status="PASS">
          <reporter-output>
          </reporter-output>
        </test-method> <!-- afterClassTest -->
      </class> <!-- com.automaticTransactions.SetAutomationWithdrawalToAllAccountsTest -->
      <class name="com.deleteAccount.DeleteDepositAccountsTest">
        <test-method is-config="true" signature="beforeSuite()[pri:0, instance:com.deleteAccount.DeleteDepositAccountsTest@6136998b]" started-at="2022-08-18T17:39:32 IST" name="beforeSuite" finished-at="2022-08-18T17:39:37 IST" duration-ms="4509" status="PASS">
          <reporter-output>
          </reporter-output>
        </test-method> <!-- beforeSuite -->
        <test-method is-config="true" signature="beforeClassTest()[pri:0, instance:com.deleteAccount.DeleteDepositAccountsTest@6136998b]" started-at="2022-08-18T17:39:38 IST" name="beforeClassTest" finished-at="2022-08-18T17:40:06 IST" duration-ms="27852" status="PASS">
          <reporter-output>
          </reporter-output>
        </test-method> <!-- beforeClassTest -->
        <test-method is-config="true" signature="beforeMethodTest()[pri:0, instance:com.deleteAccount.DeleteDepositAccountsTest@6136998b]" started-at="2022-08-18T17:40:06 IST" name="beforeMethodTest" finished-at="2022-08-18T17:40:15 IST" duration-ms="9116" status="PASS">
          <reporter-output>
          </reporter-output>
        </test-method> <!-- beforeMethodTest -->
        <test-method signature="deleteDepositAccounts()[pri:1, instance:com.deleteAccount.DeleteDepositAccountsTest@6136998b]" started-at="2022-08-18T17:40:15 IST" name="deleteDepositAccounts" finished-at="2022-08-18T17:40:20 IST" duration-ms="4869" status="PASS">
          <reporter-output>
          </reporter-output>
        </test-method> <!-- deleteDepositAccounts -->
        <test-method is-config="true" signature="afterMethodTest()[pri:0, instance:com.deleteAccount.DeleteDepositAccountsTest@6136998b]" started-at="2022-08-18T17:40:20 IST" name="afterMethodTest" finished-at="2022-08-18T17:40:22 IST" duration-ms="1618" status="PASS">
          <reporter-output>
          </reporter-output>
        </test-method> <!-- afterMethodTest -->
        <test-method is-config="true" signature="afterClassTest()[pri:0, instance:com.deleteAccount.DeleteDepositAccountsTest@6136998b]" started-at="2022-08-18T17:40:22 IST" name="afterClassTest" finished-at="2022-08-18T17:40:23 IST" duration-ms="997" status="PASS">
          <reporter-output>
          </reporter-output>
        </test-method> <!-- afterClassTest -->
        <test-method is-config="true" signature="afterSuiteTest()[pri:0, instance:com.deleteAccount.DeleteDepositAccountsTest@6136998b]" started-at="2022-08-18T17:43:48 IST" name="afterSuiteTest" finished-at="2022-08-18T17:43:49 IST" duration-ms="523" status="PASS">
          <reporter-output>
          </reporter-output>
        </test-method> <!-- afterSuiteTest -->
      </class> <!-- com.deleteAccount.DeleteDepositAccountsTest -->
      <class name="com.depositToAccount.MakeADepositAllAccountsTest">
        <test-method is-config="true" signature="beforeClassTest()[pri:0, instance:com.depositToAccount.MakeADepositAllAccountsTest@20095ab4]" started-at="2022-08-18T17:41:07 IST" name="beforeClassTest" finished-at="2022-08-18T17:41:15 IST" duration-ms="8631" status="PASS">
          <reporter-output>
          </reporter-output>
        </test-method> <!-- beforeClassTest -->
        <test-method is-config="true" signature="beforeMethodTest()[pri:0, instance:com.depositToAccount.MakeADepositAllAccountsTest@20095ab4]" started-at="2022-08-18T17:41:15 IST" name="beforeMethodTest" finished-at="2022-08-18T17:41:24 IST" duration-ms="8634" status="PASS">
          <reporter-output>
          </reporter-output>
        </test-method> <!-- beforeMethodTest -->
        <test-method signature="makeADepositIntoAllAccount()[pri:4, instance:com.depositToAccount.MakeADepositAllAccountsTest@20095ab4]" started-at="2022-08-18T17:41:24 IST" name="makeADepositIntoAllAccount" finished-at="2022-08-18T17:41:28 IST" duration-ms="3879" status="PASS">
          <reporter-output>
          </reporter-output>
        </test-method> <!-- makeADepositIntoAllAccount -->
        <test-method is-config="true" signature="afterMethodTest()[pri:0, instance:com.depositToAccount.MakeADepositAllAccountsTest@20095ab4]" started-at="2022-08-18T17:41:28 IST" name="afterMethodTest" finished-at="2022-08-18T17:41:29 IST" duration-ms="916" status="PASS">
          <reporter-output>
          </reporter-output>
        </test-method> <!-- afterMethodTest -->
        <test-method is-config="true" signature="afterClassTest()[pri:0, instance:com.depositToAccount.MakeADepositAllAccountsTest@20095ab4]" started-at="2022-08-18T17:41:29 IST" name="afterClassTest" finished-at="2022-08-18T17:41:29 IST" duration-ms="327" status="PASS">
          <reporter-output>
          </reporter-output>
        </test-method> <!-- afterClassTest -->
      </class> <!-- com.depositToAccount.MakeADepositAllAccountsTest -->
      <class name="com.createAccount.ImportDepositAccountsTest">
        <test-method is-config="true" signature="beforeClassTest()[pri:0, instance:com.createAccount.ImportDepositAccountsTest@5e8604bf]" started-at="2022-08-18T17:40:42 IST" name="beforeClassTest" finished-at="2022-08-18T17:40:51 IST" duration-ms="9430" status="PASS">
          <reporter-output>
          </reporter-output>
        </test-method> <!-- beforeClassTest -->
        <test-method is-config="true" signature="beforeMethodTest()[pri:0, instance:com.createAccount.ImportDepositAccountsTest@5e8604bf]" started-at="2022-08-18T17:40:51 IST" name="beforeMethodTest" finished-at="2022-08-18T17:41:00 IST" duration-ms="8685" status="PASS">
          <reporter-output>
          </reporter-output>
        </test-method> <!-- beforeMethodTest -->
        <test-method signature="importDepositAccounts()[pri:3, instance:com.createAccount.ImportDepositAccountsTest@5e8604bf]" started-at="2022-08-18T17:41:00 IST" name="importDepositAccounts" finished-at="2022-08-18T17:41:05 IST" duration-ms="4946" status="PASS">
          <reporter-output>
          </reporter-output>
        </test-method> <!-- importDepositAccounts -->
        <test-method is-config="true" signature="afterMethodTest()[pri:0, instance:com.createAccount.ImportDepositAccountsTest@5e8604bf]" started-at="2022-08-18T17:41:05 IST" name="afterMethodTest" finished-at="2022-08-18T17:41:06 IST" duration-ms="1103" status="PASS">
          <reporter-output>
          </reporter-output>
        </test-method> <!-- afterMethodTest -->
        <test-method is-config="true" signature="afterClassTest()[pri:0, instance:com.createAccount.ImportDepositAccountsTest@5e8604bf]" started-at="2022-08-18T17:41:06 IST" name="afterClassTest" finished-at="2022-08-18T17:41:07 IST" duration-ms="552" status="PASS">
          <reporter-output>
          </reporter-output>
        </test-method> <!-- afterClassTest -->
      </class> <!-- com.createAccount.ImportDepositAccountsTest -->
      <class name="com.withdrawFromAccount.MakeAWithdrawFromAllAccountsTest">
        <test-method is-config="true" signature="beforeClassTest()[pri:0, instance:com.withdrawFromAccount.MakeAWithdrawFromAllAccountsTest@64aad6db]" started-at="2022-08-18T17:41:50 IST" name="beforeClassTest" finished-at="2022-08-18T17:41:58 IST" duration-ms="7923" status="PASS">
          <reporter-output>
          </reporter-output>
        </test-method> <!-- beforeClassTest -->
        <test-method is-config="true" signature="beforeMethodTest()[pri:0, instance:com.withdrawFromAccount.MakeAWithdrawFromAllAccountsTest@64aad6db]" started-at="2022-08-18T17:41:58 IST" name="beforeMethodTest" finished-at="2022-08-18T17:42:06 IST" duration-ms="8097" status="PASS">
          <reporter-output>
          </reporter-output>
        </test-method> <!-- beforeMethodTest -->
        <test-method signature="makeAWithdrawFromAllAccounts()[pri:6, instance:com.withdrawFromAccount.MakeAWithdrawFromAllAccountsTest@64aad6db]" started-at="2022-08-18T17:42:06 IST" name="makeAWithdrawFromAllAccounts" finished-at="2022-08-18T17:42:09 IST" duration-ms="2997" status="PASS">
          <reporter-output>
          </reporter-output>
        </test-method> <!-- makeAWithdrawFromAllAccounts -->
        <test-method is-config="true" signature="afterMethodTest()[pri:0, instance:com.withdrawFromAccount.MakeAWithdrawFromAllAccountsTest@64aad6db]" started-at="2022-08-18T17:42:09 IST" name="afterMethodTest" finished-at="2022-08-18T17:42:10 IST" duration-ms="789" status="PASS">
          <reporter-output>
          </reporter-output>
        </test-method> <!-- afterMethodTest -->
        <test-method is-config="true" signature="afterClassTest()[pri:0, instance:com.withdrawFromAccount.MakeAWithdrawFromAllAccountsTest@64aad6db]" started-at="2022-08-18T17:42:10 IST" name="afterClassTest" finished-at="2022-08-18T17:42:10 IST" duration-ms="391" status="PASS">
          <reporter-output>
          </reporter-output>
        </test-method> <!-- afterClassTest -->
      </class> <!-- com.withdrawFromAccount.MakeAWithdrawFromAllAccountsTest -->
      <class name="com.depositToAccount.MakeADepositTest">
        <test-method is-config="true" signature="beforeClassTest()[pri:0, instance:com.depositToAccount.MakeADepositTest@4e2916c3]" started-at="2022-08-18T17:41:29 IST" name="beforeClassTest" finished-at="2022-08-18T17:41:39 IST" duration-ms="9795" status="PASS">
          <reporter-output>
          </reporter-output>
        </test-method> <!-- beforeClassTest -->
        <test-method is-config="true" signature="beforeMethodTest()[pri:0, instance:com.depositToAccount.MakeADepositTest@4e2916c3]" started-at="2022-08-18T17:41:39 IST" name="beforeMethodTest" finished-at="2022-08-18T17:41:47 IST" duration-ms="8299" status="PASS">
          <reporter-output>
          </reporter-output>
        </test-method> <!-- beforeMethodTest -->
        <test-method signature="makeADepsoitToSpecificAccount()[pri:5, instance:com.depositToAccount.MakeADepositTest@4e2916c3]" started-at="2022-08-18T17:41:47 IST" name="makeADepsoitToSpecificAccount" finished-at="2022-08-18T17:41:49 IST" duration-ms="1869" status="PASS">
          <reporter-output>
          </reporter-output>
        </test-method> <!-- makeADepsoitToSpecificAccount -->
        <test-method is-config="true" signature="afterMethodTest()[pri:0, instance:com.depositToAccount.MakeADepositTest@4e2916c3]" started-at="2022-08-18T17:41:49 IST" name="afterMethodTest" finished-at="2022-08-18T17:41:50 IST" duration-ms="775" status="PASS">
          <reporter-output>
          </reporter-output>
        </test-method> <!-- afterMethodTest -->
        <test-method is-config="true" signature="afterClassTest()[pri:0, instance:com.depositToAccount.MakeADepositTest@4e2916c3]" started-at="2022-08-18T17:41:50 IST" name="afterClassTest" finished-at="2022-08-18T17:41:50 IST" duration-ms="389" status="PASS">
          <reporter-output>
          </reporter-output>
        </test-method> <!-- afterClassTest -->
      </class> <!-- com.depositToAccount.MakeADepositTest -->
      <class name="com.automaticTransactions.SetAutomaticInterestRateTest">
        <test-method is-config="true" signature="beforeClassTest()[pri:0, instance:com.automaticTransactions.SetAutomaticInterestRateTest@4dafba3e]" started-at="2022-08-18T17:42:39 IST" name="beforeClassTest" finished-at="2022-08-18T17:42:46 IST" duration-ms="6863" status="PASS">
          <reporter-output>
          </reporter-output>
        </test-method> <!-- beforeClassTest -->
        <test-method is-config="true" signature="beforeMethodTest()[pri:0, instance:com.automaticTransactions.SetAutomaticInterestRateTest@4dafba3e]" started-at="2022-08-18T17:42:46 IST" name="beforeMethodTest" finished-at="2022-08-18T17:42:56 IST" duration-ms="10000" status="PASS">
          <reporter-output>
          </reporter-output>
        </test-method> <!-- beforeMethodTest -->
        <test-method signature="setAutomaticInterestRate()[pri:8, instance:com.automaticTransactions.SetAutomaticInterestRateTest@4dafba3e]" started-at="2022-08-18T17:42:56 IST" name="setAutomaticInterestRate" finished-at="2022-08-18T17:43:01 IST" duration-ms="4409" status="PASS">
          <reporter-output>
          </reporter-output>
        </test-method> <!-- setAutomaticInterestRate -->
        <test-method is-config="true" signature="afterMethodTest()[pri:0, instance:com.automaticTransactions.SetAutomaticInterestRateTest@4dafba3e]" started-at="2022-08-18T17:43:01 IST" name="afterMethodTest" finished-at="2022-08-18T17:43:01 IST" duration-ms="847" status="PASS">
          <reporter-output>
          </reporter-output>
        </test-method> <!-- afterMethodTest -->
        <test-method is-config="true" signature="afterClassTest()[pri:0, instance:com.automaticTransactions.SetAutomaticInterestRateTest@4dafba3e]" started-at="2022-08-18T17:43:01 IST" name="afterClassTest" finished-at="2022-08-18T17:43:02 IST" duration-ms="351" status="PASS">
          <reporter-output>
          </reporter-output>
        </test-method> <!-- afterClassTest -->
      </class> <!-- com.automaticTransactions.SetAutomaticInterestRateTest -->
      <class name="com.automaticTransactions.SetAutomaticDepositToAllAccountsTest">
        <test-method is-config="true" signature="beforeClassTest()[pri:0, instance:com.automaticTransactions.SetAutomaticDepositToAllAccountsTest@53e3a87a]" started-at="2022-08-18T17:43:02 IST" name="beforeClassTest" finished-at="2022-08-18T17:43:07 IST" duration-ms="4841" status="PASS">
          <reporter-output>
          </reporter-output>
        </test-method> <!-- beforeClassTest -->
        <test-method is-config="true" signature="beforeMethodTest()[pri:0, instance:com.automaticTransactions.SetAutomaticDepositToAllAccountsTest@53e3a87a]" started-at="2022-08-18T17:43:07 IST" name="beforeMethodTest" finished-at="2022-08-18T17:43:15 IST" duration-ms="8373" status="PASS">
          <reporter-output>
          </reporter-output>
        </test-method> <!-- beforeMethodTest -->
        <test-method signature="setAutomaticDepositToAllAccounts()[pri:9, instance:com.automaticTransactions.SetAutomaticDepositToAllAccountsTest@53e3a87a]" started-at="2022-08-18T17:43:15 IST" name="setAutomaticDepositToAllAccounts" finished-at="2022-08-18T17:43:19 IST" duration-ms="3613" status="PASS">
          <reporter-output>
          </reporter-output>
        </test-method> <!-- setAutomaticDepositToAllAccounts -->
        <test-method is-config="true" signature="afterMethodTest()[pri:0, instance:com.automaticTransactions.SetAutomaticDepositToAllAccountsTest@53e3a87a]" started-at="2022-08-18T17:43:19 IST" name="afterMethodTest" finished-at="2022-08-18T17:43:20 IST" duration-ms="917" status="PASS">
          <reporter-output>
          </reporter-output>
        </test-method> <!-- afterMethodTest -->
        <test-method is-config="true" signature="afterClassTest()[pri:0, instance:com.automaticTransactions.SetAutomaticDepositToAllAccountsTest@53e3a87a]" started-at="2022-08-18T17:43:20 IST" name="afterClassTest" finished-at="2022-08-18T17:43:20 IST" duration-ms="463" status="PASS">
          <reporter-output>
          </reporter-output>
        </test-method> <!-- afterClassTest -->
      </class> <!-- com.automaticTransactions.SetAutomaticDepositToAllAccountsTest -->
      <class name="com.withdrawFromAccount.MakeAWithdrawTest">
        <test-method is-config="true" signature="beforeClassTest()[pri:0, instance:com.withdrawFromAccount.MakeAWithdrawTest@ae7950d]" started-at="2022-08-18T17:42:10 IST" name="beforeClassTest" finished-at="2022-08-18T17:42:17 IST" duration-ms="6958" status="PASS">
          <reporter-output>
          </reporter-output>
        </test-method> <!-- beforeClassTest -->
        <test-method is-config="true" signature="beforeMethodTest()[pri:0, instance:com.withdrawFromAccount.MakeAWithdrawTest@ae7950d]" started-at="2022-08-18T17:42:17 IST" name="beforeMethodTest" finished-at="2022-08-18T17:42:28 IST" duration-ms="10285" status="PASS">
          <reporter-output>
          </reporter-output>
        </test-method> <!-- beforeMethodTest -->
        <test-method signature="makeAWithdraw()[pri:7, instance:com.withdrawFromAccount.MakeAWithdrawTest@ae7950d]" started-at="2022-08-18T17:42:28 IST" name="makeAWithdraw" finished-at="2022-08-18T17:42:33 IST" duration-ms="5051" status="PASS">
          <reporter-output>
          </reporter-output>
        </test-method> <!-- makeAWithdraw -->
        <test-method is-config="true" signature="afterMethodTest()[pri:0, instance:com.withdrawFromAccount.MakeAWithdrawTest@ae7950d]" started-at="2022-08-18T17:42:33 IST" name="afterMethodTest" finished-at="2022-08-18T17:42:39 IST" duration-ms="6010" status="PASS">
          <reporter-output>
          </reporter-output>
        </test-method> <!-- afterMethodTest -->
        <test-method is-config="true" signature="afterClassTest()[pri:0, instance:com.withdrawFromAccount.MakeAWithdrawTest@ae7950d]" started-at="2022-08-18T17:42:39 IST" name="afterClassTest" finished-at="2022-08-18T17:42:39 IST" duration-ms="323" status="PASS">
          <reporter-output>
          </reporter-output>
        </test-method> <!-- afterClassTest -->
      </class> <!-- com.withdrawFromAccount.MakeAWithdrawTest -->
      <class name="com.createAccount.CreateNewDepositAccountTest">
        <test-method is-config="true" signature="beforeClassTest()[pri:0, instance:com.createAccount.CreateNewDepositAccountTest@4a6c18ad]" started-at="2022-08-18T17:40:23 IST" name="beforeClassTest" finished-at="2022-08-18T17:40:30 IST" duration-ms="7441" status="PASS">
          <reporter-output>
          </reporter-output>
        </test-method> <!-- beforeClassTest -->
        <test-method is-config="true" signature="beforeMethodTest()[pri:0, instance:com.createAccount.CreateNewDepositAccountTest@4a6c18ad]" started-at="2022-08-18T17:40:30 IST" name="beforeMethodTest" finished-at="2022-08-18T17:40:37 IST" duration-ms="6595" status="PASS">
          <reporter-output>
          </reporter-output>
        </test-method> <!-- beforeMethodTest -->
        <test-method signature="createNewDepositAccount()[pri:2, instance:com.createAccount.CreateNewDepositAccountTest@4a6c18ad]" started-at="2022-08-18T17:40:37 IST" name="createNewDepositAccount" finished-at="2022-08-18T17:40:40 IST" duration-ms="3450" status="PASS">
          <reporter-output>
          </reporter-output>
        </test-method> <!-- createNewDepositAccount -->
        <test-method is-config="true" signature="afterMethodTest()[pri:0, instance:com.createAccount.CreateNewDepositAccountTest@4a6c18ad]" started-at="2022-08-18T17:40:41 IST" name="afterMethodTest" finished-at="2022-08-18T17:40:41 IST" duration-ms="761" status="PASS">
          <reporter-output>
          </reporter-output>
        </test-method> <!-- afterMethodTest -->
        <test-method is-config="true" signature="afterClassTest()[pri:0, instance:com.createAccount.CreateNewDepositAccountTest@4a6c18ad]" started-at="2022-08-18T17:40:41 IST" name="afterClassTest" finished-at="2022-08-18T17:40:42 IST" duration-ms="416" status="PASS">
          <reporter-output>
          </reporter-output>
        </test-method> <!-- afterClassTest -->
      </class> <!-- com.createAccount.CreateNewDepositAccountTest -->
    </test> <!-- Test -->
  </suite> <!-- Suite -->
</testng-results>
